0 info it worked if it ends with ok
1 verbose cli [ '/usr/local/bin/node',
1 verbose cli   '/usr/local/bin/npm',
1 verbose cli   'run',
1 verbose cli   'css:watch' ]
2 info using npm@3.10.10
3 info using node@v6.10.3
4 verbose run-script [ 'precss:watch', 'css:watch', 'postcss:watch' ]
5 info lifecycle glitter@1.0.0~precss:watch: glitter@1.0.0
6 silly lifecycle glitter@1.0.0~precss:watch: no script for precss:watch, continuing
7 info lifecycle glitter@1.0.0~css:watch: glitter@1.0.0
8 verbose lifecycle glitter@1.0.0~css:watch: unsafe-perm in lifecycle true
9 verbose lifecycle glitter@1.0.0~css:watch: PATH: /usr/local/lib/node_modules/npm/bin/node-gyp-bin:/Users/Dag/Desktop/WEB_GLitter/node_modules/.bin:/usr/local/bin:/usr/bin:/bin:/usr/sbin:/sbin
10 verbose lifecycle glitter@1.0.0~css:watch: CWD: /Users/Dag/Desktop/WEB_GLitter
11 silly lifecycle glitter@1.0.0~css:watch: Args: [ '-c', 'node-sass scss/main.scss css/main.css -w' ]
12 silly lifecycle glitter@1.0.0~css:watch: Returned: code: 1  signal: null
13 info lifecycle glitter@1.0.0~css:watch: Failed to exec css:watch script
14 verbose stack Error: glitter@1.0.0 css:watch: `node-sass scss/main.scss css/main.css -w`
14 verbose stack Exit status 1
14 verbose stack     at EventEmitter.<anonymous> (/usr/local/lib/node_modules/npm/lib/utils/lifecycle.js:255:16)
14 verbose stack     at emitTwo (events.js:106:13)
14 verbose stack     at EventEmitter.emit (events.js:191:7)
14 verbose stack     at ChildProcess.<anonymous> (/usr/local/lib/node_modules/npm/lib/utils/spawn.js:40:14)
14 verbose stack     at emitTwo (events.js:106:13)
14 verbose stack     at ChildProcess.emit (events.js:191:7)
14 verbose stack     at maybeClose (internal/child_process.js:886:16)
14 verbose stack     at Process.ChildProcess._handle.onexit (internal/child_process.js:226:5)
15 verbose pkgid glitter@1.0.0
16 verbose cwd /Users/Dag/Desktop/WEB_GLitter
17 error Darwin 17.2.0
18 error argv "/usr/local/bin/node" "/usr/local/bin/npm" "run" "css:watch"
19 error node v6.10.3
20 error npm  v3.10.10
21 error code ELIFECYCLE
22 error glitter@1.0.0 css:watch: `node-sass scss/main.scss css/main.css -w`
22 error Exit status 1
23 error Failed at the glitter@1.0.0 css:watch script 'node-sass scss/main.scss css/main.css -w'.
23 error Make sure you have the latest version of node.js and npm installed.
23 error If you do, this is most likely a problem with the glitter package,
23 error not with npm itself.
23 error Tell the author that this fails on your system:
23 error     node-sass scss/main.scss css/main.css -w
23 error You can get information on how to open an issue for this project with:
23 error     npm bugs glitter
23 error Or if that isn't available, you can get their info via:
23 error     npm owner ls glitter
23 error There is likely additional logging output above.
24 verbose exit [ 1, true ]
